
2025-05-26 21:29:32,939 - INFO - el dato ingresado no es numérico
2025-05-26 21:29:33,522 - INFO - el dato ingresado no es numérico
2025-05-26 21:29:34,025 - INFO - el dato ingresado no es numérico
2025-05-26 21:29:38,146 - INFO - el dato ingresado no es numérico
2025-05-26 21:43:53,024 - INFO - el dato ingresado no es numérico
2025-05-26 21:43:55,582 - INFO - el dato ingresado no es numérico
2025-05-26 21:51:43,168 - INFO - se ha iniciado el programa
2025-05-26 21:51:48,805 - INFO - el dato ingresado no es numérico
2025-05-26 21:51:49,295 - INFO - el dato ingresado no es numérico
2025-05-26 21:51:49,677 - INFO - el dato ingresado no es numérico
2025-05-26 21:51:50,501 - INFO - el dato ingresado no es numérico
2025-05-26 21:53:11,003 - INFO - se ha iniciado el programa
2025-05-26 21:53:15,133 - INFO - el dato ingresado no es numérico
2025-05-26 21:53:15,566 - INFO - el dato ingresado no es numérico
2025-05-26 21:53:16,925 - INFO - el dato ingresado no es numérico
2025-05-26 21:53:19,613 - ERROR - el dato ingresado no es númerico
2025-05-26 21:53:21,318 - ERROR - el dato ingresado no es númerico
2025-05-26 21:53:44,806 - INFO - la mascota Ss fue registrada
2025-05-26 21:53:46,869 - INFO - se ha cerrado el programa
2025-05-26 21:56:21,845 - INFO - se ha iniciado el programa
2025-05-26 21:56:25,661 - WARNING - la mascota Lola no existe
2025-05-26 21:56:25,661 - ERROR - la mascota Lola no existe
2025-05-26 21:56:31,420 - WARNING - la mascota Dela no existe
2025-05-26 21:56:31,421 - ERROR - la mascota Dela no existe
2025-05-26 22:13:53,847 - INFO - se ha iniciado el programa
2025-05-26 22:13:57,185 - WARNING - no hay mascotas registradas
2025-05-26 22:13:57,186 - WARNING - no hay dueños registrados
2025-05-27 16:35:44,262 - INFO - se ha iniciado el programa
2025-05-27 17:06:27,842 - INFO - se ha iniciado el programa
2025-05-27 17:07:51,881 - INFO - se ha iniciado el programa
2025-05-27 17:08:21,528 - INFO - se ha iniciado el programa
2025-05-27 17:09:21,057 - INFO - se ha iniciado el programa
2025-05-27 17:09:41,860 - INFO - se ha iniciado el programa
2025-05-27 17:12:09,721 - INFO - se ha iniciado el programa
2025-05-27 17:12:43,153 - INFO - se ha iniciado el programa
2025-05-27 17:14:31,149 - INFO - el dato ingresado no es numérico
2025-05-27 17:14:34,733 - ERROR - el dato ingresado no es númerico
2025-05-27 17:14:40,662 - INFO - la mascota Hector fue registrada
2025-05-27 17:19:26,730 - INFO - se ha iniciado el programa
2025-05-27 17:20:40,182 - INFO - se ha iniciado el programa
2025-05-27 17:22:15,678 - INFO - se ha iniciado el programa
2025-05-27 17:22:32,638 - INFO - se ha iniciado el programa
2025-05-27 17:22:54,571 - INFO - el dato ingresado no es numérico
2025-05-27 17:23:34,122 - INFO - se ha iniciado el programa
2025-05-27 17:23:57,117 - INFO - la mascota Rambo fue registrada
2025-05-27 17:24:46,651 - WARNING - la mascota Ro no existe
2025-05-27 17:24:46,652 - ERROR - la mascota Ro no existe
2025-05-27 17:25:07,364 - INFO - la consulta 4544
 Vomito
 Parasito
 Rambo fue registrada
2025-05-27 17:25:42,131 - WARNING - la mascota Royer no existe
2025-05-27 17:33:42,586 - INFO - se ha iniciado el programa
2025-05-27 17:33:46,890 - ERROR - Ingreso de opción no valida en sistema
2025-05-27 17:34:12,524 - INFO - se ha iniciado el programa
2025-05-27 17:34:30,642 - INFO - se ha iniciado el programa
2025-05-27 17:34:33,563 - ERROR - Ingreso de opción no valida en sistema
2025-05-27 17:35:00,363 - INFO - se ha iniciado el programa
2025-05-27 17:35:03,313 - ERROR - Ingreso de opción no valida en sistema
2025-05-27 17:35:20,045 - INFO - se ha iniciado el programa
2025-05-27 17:35:40,990 - INFO - se ha iniciado el programa
2025-05-27 17:35:42,834 - ERROR - Ingreso de opción no valida en sistema
2025-05-27 17:37:22,551 - INFO - se ha iniciado el programa
2025-05-27 17:37:24,762 - ERROR - Ingreso de opción no válida en sistema
2025-05-27 17:37:51,883 - INFO - la mascota Oto fue registrada
2025-05-27 17:38:18,650 - INFO - la consulta 3354
 Vomito
 Parasito
 Oto fue registrada
2025-05-27 17:38:42,874 - INFO - se ha cerrado el programa
2025-05-27 17:39:33,889 - INFO - se ha iniciado el programa
2025-05-27 17:40:51,648 - INFO - se ha iniciado el programa
2025-05-27 17:41:30,460 - INFO - se ha iniciado el programa
2025-05-27 17:42:23,499 - INFO - se ha iniciado el programa
2025-05-27 17:43:48,270 - INFO - se ha iniciado el programa
2025-05-27 17:43:59,994 - WARNING - no hay mascotas registradas
2025-05-27 17:43:59,994 - WARNING - no hay dueños registrados
2025-05-27 20:55:58,757 - INFO - la mascota Dogy fue registrada
2025-05-27 20:56:37,088 - INFO - la consulta 12/05/1997
 Dolor
 Gastritis
 Dogy fue registrada
2025-05-27 22:22:20,035 - INFO - la mascota Boby fue registrada
2025-05-27 22:22:48,394 - INFO - la consulta 11/04/1989
 Apendice
 Apendicitis
 Boby fue registrada
2025-05-27 22:26:54,505 - INFO - se ha iniciado el programa
2025-05-27 22:27:24,040 - INFO - la mascota Dan fue registrada
2025-05-27 22:28:44,831 - WARNING - la mascota Rambo no existe
2025-05-27 22:28:44,831 - ERROR - la mascota Rambo no existe
2025-05-27 22:37:24,974 - INFO - la mascota Bob fue registrada
2025-05-27 22:38:54,943 - INFO - se ha iniciado el programa
2025-05-27 22:39:59,876 - WARNING - la mascota Bob no existe
2025-05-27 22:39:59,877 - ERROR - la mascota Bob no existe
2025-05-27 22:40:04,677 - WARNING - la mascota Preo no existe
2025-05-27 22:40:04,677 - ERROR - la mascota Preo no existe
2025-05-27 22:40:30,893 - INFO - la mascota Dan fue registrada
2025-05-27 22:41:18,453 - ERROR - Ingreso de opción no válida en sistema
2025-05-27 22:43:39,494 - INFO - se ha iniciado el programa
2025-05-27 22:43:49,148 - WARNING - la mascota Bob no existe
2025-05-27 22:43:49,148 - ERROR - la mascota Bob no existe
2025-05-27 22:44:17,509 - INFO - la mascota Gato fue registrada
2025-05-27 22:44:38,092 - INFO - la consulta 21/33/12
 Mauya
 Mauyador
 Gato fue registrada
2025-05-27 22:45:29,212 - INFO - la consulta 10/23/2004
 Ladrador
 Era perro
 Gato fue registrada
2025-05-27 22:46:33,780 - INFO - se ha iniciado el programa
2025-05-27 22:48:05,636 - INFO - la mascota Doroteo fue registrada
2025-05-27 23:00:43,118 - INFO - se ha iniciado el programa
2025-05-27 23:02:17,430 - INFO - se ha iniciado el programa
2025-05-27 23:03:00,614 - INFO - se ha iniciado el programa
2025-05-27 23:03:28,468 - INFO - se ha iniciado el programa
2025-05-27 23:06:10,718 - INFO - se ha iniciado el programa
2025-05-27 23:06:39,793 - WARNING - la mascota Oto no existe
2025-05-27 23:06:39,793 - ERROR - la mascota Oto no existe
2025-05-27 23:06:55,536 - WARNING - la mascota Oto no existe
2025-05-27 23:08:45,687 - WARNING - la mascota Doroteo no existe
2025-05-27 23:09:22,526 - INFO - se ha iniciado el programa
2025-05-27 23:09:26,607 - WARNING - la mascota Oto no existe
2025-05-27 23:09:38,120 - WARNING - la mascota Doroteo no existe
2025-05-27 23:09:58,343 - ERROR - Ingreso de opción no válida en sistema
2025-05-27 23:10:06,391 - WARNING - la mascota Gato no existe
2025-05-27 23:17:17,495 - INFO - se ha cerrado el programa
2025-05-28 15:26:55,014 - INFO - se ha iniciado el programa
2025-05-28 15:27:45,165 - INFO - la mascota Tan fue registrada
2025-05-28 15:29:27,780 - WARNING - la mascota Doroteo no existe
2025-05-28 15:29:27,780 - ERROR - la mascota Doroteo no existe
2025-05-28 15:29:45,844 - INFO - la consulta 10/23
 Dolor
 Muscular dolor
 Tan fue registrada
2025-05-28 15:31:26,897 - INFO - se ha iniciado el programa
2025-05-28 15:31:43,163 - WARNING - la mascota Doroteo no existe
2025-05-28 15:51:14,082 - INFO - se ha iniciado el programa
2025-05-28 15:52:17,456 - INFO - se ha iniciado el programa
2025-05-28 15:54:20,018 - INFO - se ha iniciado el programa
2025-05-28 15:54:23,999 - WARNING - la mascota Doroteo no existe
2025-05-28 15:54:33,214 - WARNING - la mascota  no existe
2025-05-28 15:58:26,587 - INFO - se ha iniciado el programa
2025-05-28 17:08:21,501 - INFO - se ha iniciado el programa
2025-05-28 17:08:26,642 - WARNING - la mascota Dan no existe
2025-05-28 17:10:18,766 - INFO - se ha iniciado el programa
2025-05-28 17:40:54,789 - ERROR - Ingreso de opción no válida en sistema
2025-05-28 17:41:00,470 - WARNING - la mascota Dd no existe
2025-05-28 17:47:47,794 - WARNING - la mascota Rambo no existe
2025-05-28 17:47:56,453 - WARNING - la mascota Rambo no existe
2025-05-28 17:47:56,454 - ERROR - la mascota Rambo no existe
2025-05-28 18:23:44,128 - INFO - se ha iniciado el programa
2025-05-28 18:23:51,507 - WARNING - la mascota Doroteo no existe
2025-05-28 18:23:51,507 - ERROR - la mascota Doroteo no existe
2025-05-28 18:29:36,262 - INFO - se ha iniciado el programa
2025-05-28 18:30:06,309 - INFO - la consulta 28/05/2025
 Tenia moco
 Mocoso
 Gato fue registrada
2025-05-28 18:30:33,481 - WARNING - la mascota Dan no existe
2025-05-28 18:30:33,481 - ERROR - la mascota Dan no existe
2025-05-28 18:36:20,821 - INFO - se ha iniciado el programa
2025-05-28 18:36:49,938 - WARNING - la mascota Oto no existe
2025-05-28 18:36:49,938 - ERROR - la mascota Oto no existe
2025-05-28 19:52:45,934 - INFO - se ha iniciado el programa
2025-05-28 19:52:51,495 - WARNING - la mascota Oto no existe
2025-05-28 19:52:51,495 - ERROR - la mascota Oto no existe
2025-05-28 19:53:47,022 - INFO - se ha iniciado el programa
2025-05-28 19:53:51,173 - WARNING - la mascota Oto no existe
2025-05-28 19:53:51,174 - ERROR - la mascota Oto no existe
2025-05-28 19:53:53,379 - WARNING - la mascota 3 no existe
2025-05-28 19:53:53,380 - ERROR - la mascota 3 no existe
2025-05-28 19:54:29,290 - ERROR - Ingreso de opción no válida en sistema
2025-05-28 19:54:35,742 - WARNING - la mascota Bob no existe
2025-05-28 19:54:35,742 - ERROR - la mascota Bob no existe
2025-05-28 20:20:28,792 - INFO - se ha iniciado el programa
2025-05-28 20:21:53,377 - INFO - se ha iniciado el programa
2025-05-28 20:25:36,829 - INFO - se ha iniciado el programa
2025-05-28 20:27:41,352 - INFO - se ha iniciado el programa
2025-05-28 20:31:59,098 - INFO - se ha iniciado el programa
2025-05-28 20:32:32,500 - INFO - la consulta 03/11/2012
 Paro
 Paro cardiaco
 Dogy fue registrada
2025-05-28 20:36:50,750 - INFO - se ha iniciado el programa
2025-05-28 20:37:16,234 - INFO - la consulta 11/02/1994
 Temor
 Nervios
 Oto fue registrada
2025-05-28 20:38:39,805 - INFO - se ha iniciado el programa
2025-05-28 20:39:19,150 - INFO - se ha iniciado el programa
2025-05-28 20:39:46,970 - INFO - la consulta 98/78/79
 Dolor
 Cabezaso
 Bob fue registrada
2025-05-28 20:39:53,705 - ERROR - Error al registrar consulta: cannot access local variable 'mascota_encontrada' where it is not associated with a value
2025-05-28 20:40:33,775 - INFO - se ha iniciado el programa
2025-05-28 20:40:58,380 - INFO - la consulta 78
 Dddas
 Saaa
 Oto fue registrada
2025-05-28 20:41:28,897 - WARNING - la mascota P no existe
2025-05-28 20:42:14,442 - INFO - la mascota Coronel fue registrada
2025-05-28 20:47:07,930 - INFO - se ha iniciado el programa
2025-05-28 20:47:23,752 - INFO - la consulta 78/899/87
 Ladro
 Ladrador
 Oto fue registrada
2025-05-28 20:51:06,461 - INFO - se ha iniciado el programa
2025-05-28 20:51:11,496 - WARNING - Intento de registrar consulta para mascota inexistente: Dot
2025-05-28 20:51:24,175 - INFO - la consulta 12/122/3344
 Css
 Ssdd
 Dogy fue registrada
2025-05-28 20:51:52,079 - INFO - se ha cerrado el programa
2025-05-28 21:02:26,829 - INFO - se ha iniciado el programa
2025-05-28 21:07:33,880 - INFO - se ha iniciado el programa
2025-05-28 21:07:35,407 - ERROR - Ingreso de opción no válida en sistema invalid literal for int() with base 10: 'd'
2025-05-28 21:08:06,262 - INFO - se ha iniciado el programa
2025-05-28 21:08:07,679 - ERROR - Ingreso de opción no válida en sistema invalid literal for int() with base 10: 'd'
