
2025-05-26 21:29:32,939 - INFO - el dato ingresado no es numérico
2025-05-26 21:29:33,522 - INFO - el dato ingresado no es numérico
2025-05-26 21:29:34,025 - INFO - el dato ingresado no es numérico
2025-05-26 21:29:38,146 - INFO - el dato ingresado no es numérico
2025-05-26 21:43:53,024 - INFO - el dato ingresado no es numérico
2025-05-26 21:43:55,582 - INFO - el dato ingresado no es numérico
2025-05-26 21:51:43,168 - INFO - se ha iniciado el programa
2025-05-26 21:51:48,805 - INFO - el dato ingresado no es numérico
2025-05-26 21:51:49,295 - INFO - el dato ingresado no es numérico
2025-05-26 21:51:49,677 - INFO - el dato ingresado no es numérico
2025-05-26 21:51:50,501 - INFO - el dato ingresado no es numérico
2025-05-26 21:53:11,003 - INFO - se ha iniciado el programa
2025-05-26 21:53:15,133 - INFO - el dato ingresado no es numérico
2025-05-26 21:53:15,566 - INFO - el dato ingresado no es numérico
2025-05-26 21:53:16,925 - INFO - el dato ingresado no es numérico
2025-05-26 21:53:19,613 - ERROR - el dato ingresado no es númerico
2025-05-26 21:53:21,318 - ERROR - el dato ingresado no es númerico
2025-05-26 21:53:44,806 - INFO - la mascota Ss fue registrada
2025-05-26 21:53:46,869 - INFO - se ha cerrado el programa
2025-05-26 21:56:21,845 - INFO - se ha iniciado el programa
2025-05-26 21:56:25,661 - WARNING - la mascota Lola no existe
2025-05-26 21:56:25,661 - ERROR - la mascota Lola no existe
2025-05-26 21:56:31,420 - WARNING - la mascota Dela no existe
2025-05-26 21:56:31,421 - ERROR - la mascota Dela no existe
2025-05-26 22:13:53,847 - INFO - se ha iniciado el programa
2025-05-26 22:13:57,185 - WARNING - no hay mascotas registradas
2025-05-26 22:13:57,186 - WARNING - no hay dueños registrados
